<?xml version="1.0" encoding="UTF-8"?>
<testng-results ignored="0" total="1" passed="1" failed="0" skipped="0">
  <reporter-output>
    <line>
      <![CDATA[Java_selenium]]>
    </line>
  </reporter-output>
  <suite started-at="2023-01-06T09:28:17 IST" name="Default suite" finished-at="2023-01-06T09:28:17 IST" duration-ms="55">
    <groups>
    </groups>
    <test started-at="2023-01-06T09:28:17 IST" name="Default test" finished-at="2023-01-06T09:28:17 IST" duration-ms="55">
      <class name="scripts.test0">
        <test-method signature="demo()[pri:0, instance:scripts.test0@48974e45]" started-at="2023-01-06T09:28:17 IST" name="demo" finished-at="2023-01-06T09:28:17 IST" duration-ms="15" status="PASS">
          <reporter-output>
            <line>
              <![CDATA[Java_selenium]]>
            </line>
          </reporter-output>
        </test-method> <!-- demo -->
      </class> <!-- scripts.test0 -->
    </test> <!-- Default test -->
  </suite> <!-- Default suite -->
</testng-results>
